Determining if the pthread_create exist failed with the following output:
Change Dir: /home/laura/ros_ws/build/iiwa_gazebo/CMakeFiles/CMakeTmp

Run Build Command:"/usr/bin/make" "cmTC_1215d/fast"
/usr/bin/make -f CMakeFiles/cmTC_1215d.dir/build.make CMakeFiles/cmTC_1215d.dir/build
make[1]: Entering directory '/home/laura/ros_ws/build/iiwa_gazebo/CMakeFiles/CMakeTmp'
Building C object CMakeFiles/cmTC_1215d.dir/CheckSymbolExists.c.o
/usr/bin/cc     -o CMakeFiles/cmTC_1215d.dir/CheckSymbolExists.c.o   -c /home/laura/ros_ws/build/iiwa_gazebo/CMakeFiles/CMakeTmp/CheckSymbolExists.c
Linking C executable cmTC_1215d
/usr/bin/cmake -E cmake_link_script CMakeFiles/cmTC_1215d.dir/link.txt --verbose=1
/usr/bin/cc       CMakeFiles/cmTC_1215d.dir/CheckSymbolExists.c.o  -o cmTC_1215d -rdynamic 
CMakeFiles/cmTC_1215d.dir/CheckSymbolExists.c.o: In function `main':
CheckSymbolExists.c:(.text+0x16): undefined reference to `pthread_create'
collect2: error: ld returned 1 exit status
CMakeFiles/cmTC_1215d.dir/build.make:97: recipe for target 'cmTC_1215d' failed
make[1]: *** [cmTC_1215d] Error 1
make[1]: Leaving directory '/home/laura/ros_ws/build/iiwa_gazebo/CMakeFiles/CMakeTmp'
Makefile:126: recipe for target 'cmTC_1215d/fast' failed
make: *** [cmTC_1215d/fast] Error 2

File /home/laura/ros_ws/build/iiwa_gazebo/CMakeFiles/CMakeTmp/CheckSymbolExists.c:
/* */
#include <pthread.h>

int main(int argc, char** argv)
{
  (void)argv;
#ifndef pthread_create
  return ((int*)(&pthread_create))[argc];
#else
  (void)argc;
  return 0;
#endif
}

Determining if the function pthread_create exists in the pthreads failed with the following output:
Change Dir: /home/laura/ros_ws/build/iiwa_gazebo/CMakeFiles/CMakeTmp

Run Build Command:"/usr/bin/make" "cmTC_58af8/fast"
/usr/bin/make -f CMakeFiles/cmTC_58af8.dir/build.make CMakeFiles/cmTC_58af8.dir/build
make[1]: Entering directory '/home/laura/ros_ws/build/iiwa_gazebo/CMakeFiles/CMakeTmp'
Building C object CMakeFiles/cmTC_58af8.dir/CheckFunctionExists.c.o
/usr/bin/cc    -DCHECK_FUNCTION_EXISTS=pthread_create   -o CMakeFiles/cmTC_58af8.dir/CheckFunctionExists.c.o   -c /usr/share/cmake-3.5/Modules/CheckFunctionExists.c
Linking C executable cmTC_58af8
/usr/bin/cmake -E cmake_link_script CMakeFiles/cmTC_58af8.dir/link.txt --verbose=1
/usr/bin/cc   -DCHECK_FUNCTION_EXISTS=pthread_create    CMakeFiles/cmTC_58af8.dir/CheckFunctionExists.c.o  -o cmTC_58af8 -rdynamic -lpthreads 
/usr/bin/ld: cannot find -lpthreads
collect2: error: ld returned 1 exit status
CMakeFiles/cmTC_58af8.dir/build.make:97: recipe for target 'cmTC_58af8' failed
make[1]: *** [cmTC_58af8] Error 1
make[1]: Leaving directory '/home/laura/ros_ws/build/iiwa_gazebo/CMakeFiles/CMakeTmp'
Makefile:126: recipe for target 'cmTC_58af8/fast' failed
make: *** [cmTC_58af8/fast] Error 2


