Determining if the pthread_create exist failed with the following output:
Change Dir: /home/laura/ros_ws/build/two_iiwa_gazebo/CMakeFiles/CMakeTmp

Run Build Command:"/usr/bin/make" "cmTC_1676a/fast"
/usr/bin/make -f CMakeFiles/cmTC_1676a.dir/build.make CMakeFiles/cmTC_1676a.dir/build
make[1]: Entering directory '/home/laura/ros_ws/build/two_iiwa_gazebo/CMakeFiles/CMakeTmp'
Building C object CMakeFiles/cmTC_1676a.dir/CheckSymbolExists.c.o
/usr/bin/cc     -o CMakeFiles/cmTC_1676a.dir/CheckSymbolExists.c.o   -c /home/laura/ros_ws/build/two_iiwa_gazebo/CMakeFiles/CMakeTmp/CheckSymbolExists.c
Linking C executable cmTC_1676a
/usr/bin/cmake -E cmake_link_script CMakeFiles/cmTC_1676a.dir/link.txt --verbose=1
/usr/bin/cc       CMakeFiles/cmTC_1676a.dir/CheckSymbolExists.c.o  -o cmTC_1676a -rdynamic 
CMakeFiles/cmTC_1676a.dir/CheckSymbolExists.c.o: In function `main':
CheckSymbolExists.c:(.text+0x16): undefined reference to `pthread_create'
collect2: error: ld returned 1 exit status
CMakeFiles/cmTC_1676a.dir/build.make:97: recipe for target 'cmTC_1676a' failed
make[1]: *** [cmTC_1676a] Error 1
make[1]: Leaving directory '/home/laura/ros_ws/build/two_iiwa_gazebo/CMakeFiles/CMakeTmp'
Makefile:126: recipe for target 'cmTC_1676a/fast' failed
make: *** [cmTC_1676a/fast] Error 2

File /home/laura/ros_ws/build/two_iiwa_gazebo/CMakeFiles/CMakeTmp/CheckSymbolExists.c:
/* */
#include <pthread.h>

int main(int argc, char** argv)
{
  (void)argv;
#ifndef pthread_create
  return ((int*)(&pthread_create))[argc];
#else
  (void)argc;
  return 0;
#endif
}

Determining if the function pthread_create exists in the pthreads failed with the following output:
Change Dir: /home/laura/ros_ws/build/two_iiwa_gazebo/CMakeFiles/CMakeTmp

Run Build Command:"/usr/bin/make" "cmTC_a1ceb/fast"
/usr/bin/make -f CMakeFiles/cmTC_a1ceb.dir/build.make CMakeFiles/cmTC_a1ceb.dir/build
make[1]: Entering directory '/home/laura/ros_ws/build/two_iiwa_gazebo/CMakeFiles/CMakeTmp'
Building C object CMakeFiles/cmTC_a1ceb.dir/CheckFunctionExists.c.o
/usr/bin/cc    -DCHECK_FUNCTION_EXISTS=pthread_create   -o CMakeFiles/cmTC_a1ceb.dir/CheckFunctionExists.c.o   -c /usr/share/cmake-3.5/Modules/CheckFunctionExists.c
Linking C executable cmTC_a1ceb
/usr/bin/cmake -E cmake_link_script CMakeFiles/cmTC_a1ceb.dir/link.txt --verbose=1
/usr/bin/cc   -DCHECK_FUNCTION_EXISTS=pthread_create    CMakeFiles/cmTC_a1ceb.dir/CheckFunctionExists.c.o  -o cmTC_a1ceb -rdynamic -lpthreads 
/usr/bin/ld: cannot find -lpthreads
collect2: error: ld returned 1 exit status
CMakeFiles/cmTC_a1ceb.dir/build.make:97: recipe for target 'cmTC_a1ceb' failed
make[1]: *** [cmTC_a1ceb] Error 1
make[1]: Leaving directory '/home/laura/ros_ws/build/two_iiwa_gazebo/CMakeFiles/CMakeTmp'
Makefile:126: recipe for target 'cmTC_a1ceb/fast' failed
make: *** [cmTC_a1ceb/fast] Error 2


