Determining if the pthread_create exist failed with the following output:
Change Dir: /home/laura/ros_ws/build/iiwa_moveit/CMakeFiles/CMakeTmp

Run Build Command:"/usr/bin/make" "cmTC_ec1dc/fast"
/usr/bin/make -f CMakeFiles/cmTC_ec1dc.dir/build.make CMakeFiles/cmTC_ec1dc.dir/build
make[1]: Entering directory '/home/laura/ros_ws/build/iiwa_moveit/CMakeFiles/CMakeTmp'
Building C object CMakeFiles/cmTC_ec1dc.dir/CheckSymbolExists.c.o
/usr/bin/cc     -o CMakeFiles/cmTC_ec1dc.dir/CheckSymbolExists.c.o   -c /home/laura/ros_ws/build/iiwa_moveit/CMakeFiles/CMakeTmp/CheckSymbolExists.c
Linking C executable cmTC_ec1dc
/usr/bin/cmake -E cmake_link_script CMakeFiles/cmTC_ec1dc.dir/link.txt --verbose=1
/usr/bin/cc       CMakeFiles/cmTC_ec1dc.dir/CheckSymbolExists.c.o  -o cmTC_ec1dc -rdynamic 
CMakeFiles/cmTC_ec1dc.dir/CheckSymbolExists.c.o: In function `main':
CheckSymbolExists.c:(.text+0x16): undefined reference to `pthread_create'
collect2: error: ld returned 1 exit status
CMakeFiles/cmTC_ec1dc.dir/build.make:97: recipe for target 'cmTC_ec1dc' failed
make[1]: *** [cmTC_ec1dc] Error 1
make[1]: Leaving directory '/home/laura/ros_ws/build/iiwa_moveit/CMakeFiles/CMakeTmp'
Makefile:126: recipe for target 'cmTC_ec1dc/fast' failed
make: *** [cmTC_ec1dc/fast] Error 2

File /home/laura/ros_ws/build/iiwa_moveit/CMakeFiles/CMakeTmp/CheckSymbolExists.c:
/* */
#include <pthread.h>

int main(int argc, char** argv)
{
  (void)argv;
#ifndef pthread_create
  return ((int*)(&pthread_create))[argc];
#else
  (void)argc;
  return 0;
#endif
}

Determining if the function pthread_create exists in the pthreads failed with the following output:
Change Dir: /home/laura/ros_ws/build/iiwa_moveit/CMakeFiles/CMakeTmp

Run Build Command:"/usr/bin/make" "cmTC_bd70d/fast"
/usr/bin/make -f CMakeFiles/cmTC_bd70d.dir/build.make CMakeFiles/cmTC_bd70d.dir/build
make[1]: Entering directory '/home/laura/ros_ws/build/iiwa_moveit/CMakeFiles/CMakeTmp'
Building C object CMakeFiles/cmTC_bd70d.dir/CheckFunctionExists.c.o
/usr/bin/cc    -DCHECK_FUNCTION_EXISTS=pthread_create   -o CMakeFiles/cmTC_bd70d.dir/CheckFunctionExists.c.o   -c /usr/share/cmake-3.5/Modules/CheckFunctionExists.c
Linking C executable cmTC_bd70d
/usr/bin/cmake -E cmake_link_script CMakeFiles/cmTC_bd70d.dir/link.txt --verbose=1
/usr/bin/cc   -DCHECK_FUNCTION_EXISTS=pthread_create    CMakeFiles/cmTC_bd70d.dir/CheckFunctionExists.c.o  -o cmTC_bd70d -rdynamic -lpthreads 
/usr/bin/ld: cannot find -lpthreads
collect2: error: ld returned 1 exit status
CMakeFiles/cmTC_bd70d.dir/build.make:97: recipe for target 'cmTC_bd70d' failed
make[1]: *** [cmTC_bd70d] Error 1
make[1]: Leaving directory '/home/laura/ros_ws/build/iiwa_moveit/CMakeFiles/CMakeTmp'
Makefile:126: recipe for target 'cmTC_bd70d/fast' failed
make: *** [cmTC_bd70d/fast] Error 2


